<?xml version="1.0" encoding="UTF-8"?>
<!-- Generated by org.testng.reporters.JUnitXMLReporter -->
<testsuite hostname="DESKTOP-GEUDU0S" name="Smoke Testing" tests="3" failures="0" timestamp="21 Dec 2023 10:43:06 GMT" time="0.078" errors="0">
  <testcase name="@BeforeMethod beforeMethod" time="0.0" classname="testngp.TestNgParameters">
    <failure type="org.testng.TestNGException" message="
Parameter &amp;apos;broswer&amp;apos; is required by @Configuration on method beforeMethod but has not been marked @Optional or defined
in C:\Users\user\eclipse-workspace\MyJavaTraining\Para.xml">
      <![CDATA[org.testng.TestNGException: 
Parameter 'broswer' is required by @Configuration on method beforeMethod but has not been marked @Optional or defined
in C:\Users\user\eclipse-workspace\MyJavaTraining\Para.xml
... Removed 23 stack frames]]>
    </failure>
  </testcase> <!-- @BeforeMethod beforeMethod -->
  <testcase name="@AfterMethod afterMethod" time="0.0" classname="testngp.TestNgParameters">
    <skipped/>
  </testcase> <!-- @AfterMethod afterMethod -->
  <testcase name="@BeforeMethod beforeMethod" time="0.0" classname="testngp.TestNgParameters">
    <skipped/>
  </testcase> <!-- @BeforeMethod beforeMethod -->
  <testcase name="@AfterMethod afterMethod" time="0.0" classname="testngp.TestNgParameters">
    <skipped/>
  </testcase> <!-- @AfterMethod afterMethod -->
  <testcase name="@BeforeMethod beforeMethod" time="0.0" classname="testngp.TestNgParameters">
    <skipped/>
  </testcase> <!-- @BeforeMethod beforeMethod -->
  <testcase name="@AfterMethod afterMethod" time="0.0" classname="testngp.TestNgParameters">
    <skipped/>
  </testcase> <!-- @AfterMethod afterMethod -->
  <testcase name="addCustomer" time="0.015" classname="testngp.TestNgParameters">
    <skipped/>
  </testcase> <!-- addCustomer -->
  <testcase name="deleteCustomer" time="0.0" classname="testngp.TestNgParameters">
    <skipped/>
  </testcase> <!-- deleteCustomer -->
  <testcase name="editCustomer" time="0.0" classname="testngp.TestNgParameters">
    <skipped/>
  </testcase> <!-- editCustomer -->
</testsuite> <!-- Smoke Testing -->
