<?xml version="1.0" encoding="UTF-8"?>
<testng-results skipped="3" failed="0" total="3" passed="0">
  <reporter-output>
  </reporter-output>
  <suite name="guru99 Demo" duration-ms="78" started-at="2023-12-21T10:43:06Z" finished-at="2023-12-21T10:43:06Z">
    <groups>
    </groups>
    <test name="Smoke Testing" duration-ms="78" started-at="2023-12-21T10:43:06Z" finished-at="2023-12-21T10:43:06Z">
      <class name="testngp.TestNgParameters">
        <test-method status="FAIL" signature="beforeMethod(java.lang.String, java.lang.String, java.lang.String, java.lang.String)[pri:0, instance:testngp.TestNgParameters@6fffcba5]" name="beforeMethod" is-config="true" duration-ms="0" started-at="2023-12-21T16:13:06Z" finished-at="2023-12-21T16:13:06Z">
          <exception class="org.testng.TestNGException">
            <message>
              <![CDATA[
Parameter 'broswer' is required by @Configuration on method beforeMethod but has not been marked @Optional or defined
in C:\Users\user\eclipse-workspace\MyJavaTraining\Para.xml]]>
            </message>
            <full-stacktrace>
              <![CDATA[org.testng.TestNGException: 
Parameter 'broswer' is required by @Configuration on method beforeMethod but has not been marked @Optional or defined
in C:\Users\user\eclipse-workspace\MyJavaTraining\Para.xml
	at org.testng.internal.Parameters.createParameters(Parameters.java:154)
	at org.testng.internal.Parameters.createParameters(Parameters.java:361)
	at org.testng.internal.Parameters.createConfigurationParameters(Parameters.java:84)
	at org.testng.internal.Invoker.invokeConfigurations(Invoker.java:201)
	at org.testng.internal.Invoker.invokeMethod(Invoker.java:589)
	at org.testng.internal.Invoker.invokeTestMethod(Invoker.java:822)
	at org.testng.internal.Invoker.invokeTestMethods(Invoker.java:1130)
	at org.testng.internal.TestMethodWorker.invokeTestMethods(TestMethodWorker.java:129)
	at org.testng.internal.TestMethodWorker.run(TestMethodWorker.java:112)
	at org.testng.TestRunner.privateRun(TestRunner.java:782)
	at org.testng.TestRunner.run(TestRunner.java:632)
	at org.testng.SuiteRunner.runTest(SuiteRunner.java:366)
	at org.testng.SuiteRunner.runSequentially(SuiteRunner.java:361)
	at org.testng.SuiteRunner.privateRun(SuiteRunner.java:319)
	at org.testng.SuiteRunner.run(SuiteRunner.java:268)
	at org.testng.SuiteRunnerWorker.runSuite(SuiteRunnerWorker.java:52)
	at org.testng.SuiteRunnerWorker.run(SuiteRunnerWorker.java:86)
	at org.testng.TestNG.runSuitesSequentially(TestNG.java:1244)
	at org.testng.TestNG.runSuitesLocally(TestNG.java:1169)
	at org.testng.TestNG.run(TestNG.java:1064)
	at org.testng.remote.RemoteTestNG.run(RemoteTestNG.java:113)
	at org.testng.remote.RemoteTestNG.initAndRun(RemoteTestNG.java:206)
	at org.testng.remote.RemoteTestNG.main(RemoteTestNG.java:177)
]]>
            </full-stacktrace>
          </exception> <!-- org.testng.TestNGException -->
          <reporter-output>
          </reporter-output>
        </test-method> <!-- beforeMethod -->
        <test-method status="SKIP" signature="addCustomer()[pri:0, instance:testngp.TestNgParameters@6fffcba5]" name="addCustomer" duration-ms="15" started-at="2023-12-21T16:13:06Z" finished-at="2023-12-21T16:13:06Z">
          <reporter-output>
          </reporter-output>
        </test-method> <!-- addCustomer -->
        <test-method status="SKIP" signature="beforeMethod(java.lang.String, java.lang.String, java.lang.String, java.lang.String)[pri:0, instance:testngp.TestNgParameters@6fffcba5]" name="beforeMethod" is-config="true" duration-ms="0" started-at="2023-12-21T16:13:06Z" finished-at="2023-12-21T16:13:06Z">
          <reporter-output>
          </reporter-output>
        </test-method> <!-- beforeMethod -->
        <test-method status="SKIP" signature="deleteCustomer()[pri:0, instance:testngp.TestNgParameters@6fffcba5]" name="deleteCustomer" duration-ms="0" started-at="2023-12-21T16:13:06Z" finished-at="2023-12-21T16:13:06Z">
          <reporter-output>
          </reporter-output>
        </test-method> <!-- deleteCustomer -->
        <test-method status="SKIP" signature="afterMethod()[pri:0, instance:testngp.TestNgParameters@6fffcba5]" name="afterMethod" is-config="true" duration-ms="0" started-at="2023-12-21T16:13:06Z" finished-at="2023-12-21T16:13:06Z">
          <reporter-output>
          </reporter-output>
        </test-method> <!-- afterMethod -->
        <test-method status="SKIP" signature="afterMethod()[pri:0, instance:testngp.TestNgParameters@6fffcba5]" name="afterMethod" is-config="true" duration-ms="0" started-at="2023-12-21T16:13:06Z" finished-at="2023-12-21T16:13:06Z">
          <reporter-output>
          </reporter-output>
        </test-method> <!-- afterMethod -->
        <test-method status="SKIP" signature="beforeMethod(java.lang.String, java.lang.String, java.lang.String, java.lang.String)[pri:0, instance:testngp.TestNgParameters@6fffcba5]" name="beforeMethod" is-config="true" duration-ms="0" started-at="2023-12-21T16:13:06Z" finished-at="2023-12-21T16:13:06Z">
          <reporter-output>
          </reporter-output>
        </test-method> <!-- beforeMethod -->
        <test-method status="SKIP" signature="editCustomer()[pri:0, instance:testngp.TestNgParameters@6fffcba5]" name="editCustomer" duration-ms="0" started-at="2023-12-21T16:13:06Z" finished-at="2023-12-21T16:13:06Z">
          <reporter-output>
          </reporter-output>
        </test-method> <!-- editCustomer -->
        <test-method status="SKIP" signature="afterMethod()[pri:0, instance:testngp.TestNgParameters@6fffcba5]" name="afterMethod" is-config="true" duration-ms="0" started-at="2023-12-21T16:13:06Z" finished-at="2023-12-21T16:13:06Z">
          <reporter-output>
          </reporter-output>
        </test-method> <!-- afterMethod -->
      </class> <!-- testngp.TestNgParameters -->
    </test> <!-- Smoke Testing -->
  </suite> <!-- guru99 Demo -->
</testng-results>
